<?xml version="1.0" encoding="UTF-8"?>
<testng-results ignored="0" total="1" passed="1" failed="0" skipped="0">
  <reporter-output>
  </reporter-output>
  <suite started-at="2021-05-17T23:54:06 IST" name="Default suite" finished-at="2021-05-17T23:54:23 IST" duration-ms="17320">
    <groups>
    </groups>
    <test started-at="2021-05-17T23:54:06 IST" name="Default test" finished-at="2021-05-17T23:54:23 IST" duration-ms="17320">
      <class name="com.ecom1.qa.testcases.ProductPageTest">
        <test-method is-config="true" signature="setUp()[pri:0, instance:com.ecom1.qa.testcases.ProductPageTest@76f2bbc1]" started-at="2021-05-17T23:54:06 IST" name="setUp" finished-at="2021-05-17T23:54:19 IST" duration-ms="12737" status="PASS">
          <reporter-output>
          </reporter-output>
        </test-method> <!-- setUp -->
        <test-method signature="validateAddCartFeature()[pri:0, instance:com.ecom1.qa.testcases.ProductPageTest@76f2bbc1]" started-at="2021-05-17T23:54:19 IST" name="validateAddCartFeature" finished-at="2021-05-17T23:54:23 IST" duration-ms="4534" status="PASS">
          <reporter-output>
          </reporter-output>
        </test-method> <!-- validateAddCartFeature -->
      </class> <!-- com.ecom1.qa.testcases.ProductPageTest -->
    </test> <!-- Default test -->
  </suite> <!-- Default suite -->
</testng-results>
